<?xml version="1.0" encoding="UTF-8"?>
<robot generator="Robot 7.4.1 (Python 3.11.9 on win32)" generated="2026-01-01T18:35:25.732900" rpa="false" schemaversion="5">
<suite id="s1" name="Uat002-4" source="E:\SoftwareEn\lab4\testautomationlab\uat-lab04-002\case4\uat002-4.robot">
<test id="s1-t1" name="Open Workshop Registration Page" line="30">
<kw name="Open Workshop Registration">
<kw name="Open Browser" owner="SeleniumLibrary">
<msg time="2026-01-01T18:35:26.433709" level="INFO">Opening browser 'chrome' to base url 'http://localhost:7272/Registration.html'.</msg>
<arg>${REGISTRATION URL}</arg>
<arg>${BROWSER}</arg>
<doc>Opens a new browser instance to the optional ``url``.</doc>
<status status="PASS" start="2026-01-01T18:35:26.433709" elapsed="2.856171"/>
</kw>
<status status="PASS" start="2026-01-01T18:35:26.431544" elapsed="2.859340"/>
</kw>
<kw name="Capture Page Screenshot" owner="SeleniumLibrary">
<msg time="2026-01-01T18:35:29.519550" level="INFO" html="true">&lt;/td&gt;&lt;/tr&gt;&lt;tr&gt;&lt;td colspan="3"&gt;&lt;a href="Screenshot/open_workshop_registration_page.png"&gt;&lt;img src="Screenshot/open_workshop_registration_page.png" width="800px"&gt;&lt;/a&gt;</msg>
<arg>Screenshot/open_workshop_registration_page.png</arg>
<doc>Takes a screenshot of the current page and embeds it into a log file.</doc>
<status status="PASS" start="2026-01-01T18:35:29.291882" elapsed="0.228455"/>
</kw>
<status status="PASS" start="2026-01-01T18:35:26.430490" elapsed="3.090416"/>
</test>
<test id="s1-t2" name="Empty Phone Number" line="35">
<kw name="Fill Registration">
<kw name="Input Text" owner="SeleniumLibrary">
<msg time="2026-01-01T18:35:29.525409" level="INFO">Typing text 'Somyod' into text field 'id=firstname'.</msg>
<arg>${INPUT_FIRSTNAME}</arg>
<arg>${fname}</arg>
<doc>Types the given ``text`` into the text field identified by ``locator``.</doc>
<status status="PASS" start="2026-01-01T18:35:29.524393" elapsed="0.252819"/>
</kw>
<kw name="Input Text" owner="SeleniumLibrary">
<msg time="2026-01-01T18:35:29.778345" level="INFO">Typing text 'Sodsai' into text field 'id=lastname'.</msg>
<arg>${INPUT_LASTNAME}</arg>
<arg>${lname}</arg>
<doc>Types the given ``text`` into the text field identified by ``locator``.</doc>
<status status="PASS" start="2026-01-01T18:35:29.778345" elapsed="0.176098"/>
</kw>
<kw name="Input Text" owner="SeleniumLibrary">
<msg time="2026-01-01T18:35:29.956078" level="INFO">Typing text 'CS KKU' into text field 'id=organization'.</msg>
<arg>${INPUT_ORGANIZATION}</arg>
<arg>${organization}</arg>
<doc>Types the given ``text`` into the text field identified by ``locator``.</doc>
<status status="PASS" start="2026-01-01T18:35:29.955064" elapsed="0.166043"/>
</kw>
<kw name="Input Text" owner="SeleniumLibrary">
<msg time="2026-01-01T18:35:30.122105" level="INFO">Typing text 'somyod@kkumail.com' into text field 'id=email'.</msg>
<arg>${INPUT_EMAIL}</arg>
<arg>${email}</arg>
<doc>Types the given ``text`` into the text field identified by ``locator``.</doc>
<status status="PASS" start="2026-01-01T18:35:30.121107" elapsed="0.200269"/>
</kw>
<kw name="Input Text" owner="SeleniumLibrary">
<msg time="2026-01-01T18:35:30.323378" level="INFO">Typing text '' into text field 'id=phone'.</msg>
<arg>${INPUT_PHONE}</arg>
<arg>${phone}</arg>
<doc>Types the given ``text`` into the text field identified by ``locator``.</doc>
<status status="PASS" start="2026-01-01T18:35:30.322378" elapsed="0.181213"/>
</kw>
<arg>Somyod</arg>
<arg>Sodsai</arg>
<arg>CS KKU</arg>
<arg>somyod@kkumail.com</arg>
<arg>${Empty}</arg>
<status status="PASS" start="2026-01-01T18:35:29.522478" elapsed="0.982125"/>
</kw>
<kw name="Capture Page Screenshot" owner="SeleniumLibrary">
<msg time="2026-01-01T18:35:30.645919" level="INFO" html="true">&lt;/td&gt;&lt;/tr&gt;&lt;tr&gt;&lt;td colspan="3"&gt;&lt;a href="Screenshot/fill_registration.png"&gt;&lt;img src="Screenshot/fill_registration.png" width="800px"&gt;&lt;/a&gt;</msg>
<arg>Screenshot/fill_registration.png</arg>
<doc>Takes a screenshot of the current page and embeds it into a log file.</doc>
<status status="PASS" start="2026-01-01T18:35:30.510139" elapsed="0.135780"/>
</kw>
<kw name="Click Button" owner="SeleniumLibrary">
<msg time="2026-01-01T18:35:30.646920" level="INFO">Clicking button 'id=registerButton'.</msg>
<arg>${REG_BTN}</arg>
<doc>Clicks the button identified by ``locator``.</doc>
<status status="PASS" start="2026-01-01T18:35:30.646920" elapsed="0.151618"/>
</kw>
<kw name="Wait Until Location Contains" owner="SeleniumLibrary">
<arg>Registration.html</arg>
<doc>Waits until the current URL contains ``expected``.</doc>
<status status="PASS" start="2026-01-01T18:35:30.798538" elapsed="0.009518"/>
</kw>
<kw name="Wait Until Page Contains" owner="SeleniumLibrary">
<arg>Please enter your phone number!!</arg>
<doc>Waits until ``text`` appears on the current page.</doc>
<status status="PASS" start="2026-01-01T18:35:30.808056" elapsed="0.021374"/>
</kw>
<kw name="Capture Page Screenshot" owner="SeleniumLibrary">
<msg time="2026-01-01T18:35:30.937150" level="INFO" html="true">&lt;/td&gt;&lt;/tr&gt;&lt;tr&gt;&lt;td colspan="3"&gt;&lt;a href="Screenshot/register_result.png"&gt;&lt;img src="Screenshot/register_result.png" width="800px"&gt;&lt;/a&gt;</msg>
<arg>Screenshot/register_result.png</arg>
<doc>Takes a screenshot of the current page and embeds it into a log file.</doc>
<status status="PASS" start="2026-01-01T18:35:30.829430" elapsed="0.108721"/>
</kw>
<kw name="Close Browser" owner="SeleniumLibrary">
<doc>Closes the current browser.</doc>
<status status="PASS" start="2026-01-01T18:35:30.938151" elapsed="2.314403"/>
</kw>
<status status="PASS" start="2026-01-01T18:35:29.521466" elapsed="3.732044"/>
</test>
<status status="PASS" start="2026-01-01T18:35:25.737385" elapsed="7.517133"/>
</suite>
<statistics>
<total>
<stat pass="2" fail="0" skip="0">All Tests</stat>
</total>
<tag>
</tag>
<suite>
<stat name="Uat002-4" id="s1" pass="2" fail="0" skip="0">Uat002-4</stat>
</suite>
</statistics>
<errors>
</errors>
</robot>
