<?xml version="1.0" encoding="UTF-8"?>
<robot generator="Robot 7.4.1 (Python 3.11.9 on win32)" generated="2026-01-01T18:05:39.391461" rpa="false" schemaversion="5">
<suite id="s1" name="Uat-Lab04-001-2" source="E:\SoftwareEn\lab4\testautomationlab\UAT-lab04-001-2\uat-lab04-001-2.robot">
<test id="s1-t1" name="Open Workshop Registration Page" line="30">
<kw name="Open Workshop Registration">
<kw name="Open Browser" owner="SeleniumLibrary">
<msg time="2026-01-01T18:05:39.958050" level="INFO">Opening browser 'chrome' to base url 'http://localhost:7272/Registration.html'.</msg>
<arg>${REGISTRATION URL}</arg>
<arg>${BROWSER}</arg>
<doc>Opens a new browser instance to the optional ``url``.</doc>
<status status="PASS" start="2026-01-01T18:05:39.957051" elapsed="2.604646"/>
</kw>
<status status="PASS" start="2026-01-01T18:05:39.956049" elapsed="2.606649"/>
</kw>
<kw name="Capture Page Screenshot" owner="SeleniumLibrary">
<msg time="2026-01-01T18:05:42.787509" level="INFO" html="true">&lt;/td&gt;&lt;/tr&gt;&lt;tr&gt;&lt;td colspan="3"&gt;&lt;a href="Screenshot/open_workshop_registration_page.png"&gt;&lt;img src="Screenshot/open_workshop_registration_page.png" width="800px"&gt;&lt;/a&gt;</msg>
<arg>Screenshot/open_workshop_registration_page.png</arg>
<doc>Takes a screenshot of the current page and embeds it into a log file.</doc>
<status status="PASS" start="2026-01-01T18:05:42.563700" elapsed="0.223809"/>
</kw>
<status status="PASS" start="2026-01-01T18:05:39.955054" elapsed="2.833454"/>
</test>
<test id="s1-t2" name="Register Success" line="35">
<kw name="Fill Registration">
<kw name="Input Text" owner="SeleniumLibrary">
<msg time="2026-01-01T18:05:42.793028" level="INFO">Typing text 'Somyod' into text field 'id=firstname'.</msg>
<arg>${INPUT_FIRSTNAME}</arg>
<arg>${fname}</arg>
<doc>Types the given ``text`` into the text field identified by ``locator``.</doc>
<status status="PASS" start="2026-01-01T18:05:42.792024" elapsed="0.204946"/>
</kw>
<kw name="Input Text" owner="SeleniumLibrary">
<msg time="2026-01-01T18:05:42.997971" level="INFO">Typing text 'Sodsai' into text field 'id=lastname'.</msg>
<arg>${INPUT_LASTNAME}</arg>
<arg>${lname}</arg>
<doc>Types the given ``text`` into the text field identified by ``locator``.</doc>
<status status="PASS" start="2026-01-01T18:05:42.996970" elapsed="0.176286"/>
</kw>
<kw name="Input Text" owner="SeleniumLibrary">
<msg time="2026-01-01T18:05:43.174253" level="INFO">Typing text '' into text field 'id=organization'.</msg>
<arg>${INPUT_ORGANIZATION}</arg>
<arg>${organization}</arg>
<doc>Types the given ``text`` into the text field identified by ``locator``.</doc>
<status status="PASS" start="2026-01-01T18:05:43.173256" elapsed="0.126979"/>
</kw>
<kw name="Input Text" owner="SeleniumLibrary">
<msg time="2026-01-01T18:05:43.301909" level="INFO">Typing text 'somyod@kkumail.com' into text field 'id=email'.</msg>
<arg>${INPUT_EMAIL}</arg>
<arg>${email}</arg>
<doc>Types the given ``text`` into the text field identified by ``locator``.</doc>
<status status="PASS" start="2026-01-01T18:05:43.301245" elapsed="0.185772"/>
</kw>
<kw name="Input Text" owner="SeleniumLibrary">
<msg time="2026-01-01T18:05:43.488031" level="INFO">Typing text '091-001-1234' into text field 'id=phone'.</msg>
<arg>${INPUT_PHONE}</arg>
<arg>${phone}</arg>
<doc>Types the given ``text`` into the text field identified by ``locator``.</doc>
<status status="PASS" start="2026-01-01T18:05:43.487474" elapsed="0.174561"/>
</kw>
<arg>Somyod</arg>
<arg>Sodsai</arg>
<arg>${EMPTY}</arg>
<arg>somyod@kkumail.com</arg>
<arg>091-001-1234</arg>
<status status="PASS" start="2026-01-01T18:05:42.791027" elapsed="0.872519"/>
</kw>
<kw name="Capture Page Screenshot" owner="SeleniumLibrary">
<msg time="2026-01-01T18:05:43.771702" level="INFO" html="true">&lt;/td&gt;&lt;/tr&gt;&lt;tr&gt;&lt;td colspan="3"&gt;&lt;a href="Screenshot/fill_registration.png"&gt;&lt;img src="Screenshot/fill_registration.png" width="800px"&gt;&lt;/a&gt;</msg>
<arg>Screenshot/fill_registration.png</arg>
<doc>Takes a screenshot of the current page and embeds it into a log file.</doc>
<status status="PASS" start="2026-01-01T18:05:43.663546" elapsed="0.108156"/>
</kw>
<kw name="Click Button" owner="SeleniumLibrary">
<msg time="2026-01-01T18:05:43.772701" level="INFO">Clicking button 'id=registerButton'.</msg>
<arg>${REG_BTN}</arg>
<doc>Clicks the button identified by ``locator``.</doc>
<status status="PASS" start="2026-01-01T18:05:43.772701" elapsed="0.241985"/>
</kw>
<kw name="Wait Until Location Contains" owner="SeleniumLibrary">
<arg>Success.html</arg>
<doc>Waits until the current URL contains ``expected``.</doc>
<status status="PASS" start="2026-01-01T18:05:44.015686" elapsed="0.011524"/>
</kw>
<kw name="Wait Until Page Contains" owner="SeleniumLibrary">
<arg>Thank you for registering with us.</arg>
<doc>Waits until ``text`` appears on the current page.</doc>
<status status="PASS" start="2026-01-01T18:05:44.027210" elapsed="0.026347"/>
</kw>
<kw name="Wait Until Page Contains" owner="SeleniumLibrary">
<arg>We will send a confirmation to your email soon.</arg>
<doc>Waits until ``text`` appears on the current page.</doc>
<status status="PASS" start="2026-01-01T18:05:44.053557" elapsed="0.016658"/>
</kw>
<kw name="Capture Page Screenshot" owner="SeleniumLibrary">
<msg time="2026-01-01T18:05:44.176203" level="INFO" html="true">&lt;/td&gt;&lt;/tr&gt;&lt;tr&gt;&lt;td colspan="3"&gt;&lt;a href="Screenshot/register_result.png"&gt;&lt;img src="Screenshot/register_result.png" width="800px"&gt;&lt;/a&gt;</msg>
<arg>Screenshot/register_result.png</arg>
<doc>Takes a screenshot of the current page and embeds it into a log file.</doc>
<status status="PASS" start="2026-01-01T18:05:44.071211" elapsed="0.104992"/>
</kw>
<kw name="Close Browser" owner="SeleniumLibrary">
<doc>Closes the current browser.</doc>
<status status="PASS" start="2026-01-01T18:05:44.176203" elapsed="2.265757"/>
</kw>
<status status="PASS" start="2026-01-01T18:05:42.790015" elapsed="3.652941"/>
</test>
<status status="PASS" start="2026-01-01T18:05:39.394623" elapsed="7.051336"/>
</suite>
<statistics>
<total>
<stat pass="2" fail="0" skip="0">All Tests</stat>
</total>
<tag>
</tag>
<suite>
<stat name="Uat-Lab04-001-2" id="s1" pass="2" fail="0" skip="0">Uat-Lab04-001-2</stat>
</suite>
</statistics>
<errors>
</errors>
</robot>
