<?xml version="1.0" encoding="UTF-8"?>
<robot generator="Robot 7.4.1 (Python 3.11.9 on win32)" generated="2026-01-01T18:30:15.167476" rpa="false" schemaversion="5">
<suite id="s1" name="Uat002-3" source="E:\SoftwareEn\lab4\testautomationlab\uat-lab04-002\case3\uat002-3.robot">
<test id="s1-t1" name="Open Workshop Registration Page" line="30">
<kw name="Open Workshop Registration">
<kw name="Open Browser" owner="SeleniumLibrary">
<msg time="2026-01-01T18:30:15.837553" level="INFO">Opening browser 'chrome' to base url 'http://localhost:7272/Registration.html'.</msg>
<arg>${REGISTRATION URL}</arg>
<arg>${BROWSER}</arg>
<doc>Opens a new browser instance to the optional ``url``.</doc>
<status status="PASS" start="2026-01-01T18:30:15.837553" elapsed="2.998624"/>
</kw>
<status status="PASS" start="2026-01-01T18:30:15.835550" elapsed="3.000627"/>
</kw>
<kw name="Capture Page Screenshot" owner="SeleniumLibrary">
<msg time="2026-01-01T18:30:19.093748" level="INFO" html="true">&lt;/td&gt;&lt;/tr&gt;&lt;tr&gt;&lt;td colspan="3"&gt;&lt;a href="Screenshot/open_workshop_registration_page.png"&gt;&lt;img src="Screenshot/open_workshop_registration_page.png" width="800px"&gt;&lt;/a&gt;</msg>
<arg>Screenshot/open_workshop_registration_page.png</arg>
<doc>Takes a screenshot of the current page and embeds it into a log file.</doc>
<status status="PASS" start="2026-01-01T18:30:18.837177" elapsed="0.256571"/>
</kw>
<status status="PASS" start="2026-01-01T18:30:15.834549" elapsed="3.260288"/>
</test>
<test id="s1-t2" name="Empty First Name and Last Name" line="35">
<kw name="Fill Registration">
<kw name="Input Text" owner="SeleniumLibrary">
<msg time="2026-01-01T18:30:19.100889" level="INFO">Typing text '' into text field 'id=firstname'.</msg>
<arg>${INPUT_FIRSTNAME}</arg>
<arg>${fname}</arg>
<doc>Types the given ``text`` into the text field identified by ``locator``.</doc>
<status status="PASS" start="2026-01-01T18:30:19.100367" elapsed="0.173406"/>
</kw>
<kw name="Input Text" owner="SeleniumLibrary">
<msg time="2026-01-01T18:30:19.274769" level="INFO">Typing text '' into text field 'id=lastname'.</msg>
<arg>${INPUT_LASTNAME}</arg>
<arg>${lname}</arg>
<doc>Types the given ``text`` into the text field identified by ``locator``.</doc>
<status status="PASS" start="2026-01-01T18:30:19.273773" elapsed="0.138059"/>
</kw>
<kw name="Input Text" owner="SeleniumLibrary">
<msg time="2026-01-01T18:30:19.412358" level="INFO">Typing text 'CS KKU' into text field 'id=organization'.</msg>
<arg>${INPUT_ORGANIZATION}</arg>
<arg>${organization}</arg>
<doc>Types the given ``text`` into the text field identified by ``locator``.</doc>
<status status="PASS" start="2026-01-01T18:30:19.411832" elapsed="0.162101"/>
</kw>
<kw name="Input Text" owner="SeleniumLibrary">
<msg time="2026-01-01T18:30:19.574932" level="INFO">Typing text 'somyod@kkumail.com' into text field 'id=email'.</msg>
<arg>${INPUT_EMAIL}</arg>
<arg>${email}</arg>
<doc>Types the given ``text`` into the text field identified by ``locator``.</doc>
<status status="PASS" start="2026-01-01T18:30:19.573933" elapsed="0.191355"/>
</kw>
<kw name="Input Text" owner="SeleniumLibrary">
<msg time="2026-01-01T18:30:19.766460" level="INFO">Typing text '091-001-1234' into text field 'id=phone'.</msg>
<arg>${INPUT_PHONE}</arg>
<arg>${phone}</arg>
<doc>Types the given ``text`` into the text field identified by ``locator``.</doc>
<status status="PASS" start="2026-01-01T18:30:19.765288" elapsed="0.184772"/>
</kw>
<arg>${Empty}</arg>
<arg>${Empty}</arg>
<arg>CS KKU</arg>
<arg>somyod@kkumail.com</arg>
<arg>091-001-1234</arg>
<status status="PASS" start="2026-01-01T18:30:19.097069" elapsed="0.852991"/>
</kw>
<kw name="Capture Page Screenshot" owner="SeleniumLibrary">
<msg time="2026-01-01T18:30:20.063401" level="INFO" html="true">&lt;/td&gt;&lt;/tr&gt;&lt;tr&gt;&lt;td colspan="3"&gt;&lt;a href="Screenshot/fill_registration.png"&gt;&lt;img src="Screenshot/fill_registration.png" width="800px"&gt;&lt;/a&gt;</msg>
<arg>Screenshot/fill_registration.png</arg>
<doc>Takes a screenshot of the current page and embeds it into a log file.</doc>
<status status="PASS" start="2026-01-01T18:30:19.950650" elapsed="0.113763"/>
</kw>
<kw name="Click Button" owner="SeleniumLibrary">
<msg time="2026-01-01T18:30:20.065411" level="INFO">Clicking button 'id=registerButton'.</msg>
<arg>${REG_BTN}</arg>
<doc>Clicks the button identified by ``locator``.</doc>
<status status="PASS" start="2026-01-01T18:30:20.064413" elapsed="0.148863"/>
</kw>
<kw name="Wait Until Location Contains" owner="SeleniumLibrary">
<arg>Registration.html</arg>
<doc>Waits until the current URL contains ``expected``.</doc>
<status status="PASS" start="2026-01-01T18:30:20.214278" elapsed="0.008234"/>
</kw>
<kw name="Wait Until Page Contains" owner="SeleniumLibrary">
<arg>Please enter your name!!</arg>
<doc>Waits until ``text`` appears on the current page.</doc>
<status status="PASS" start="2026-01-01T18:30:20.222512" elapsed="0.040419"/>
</kw>
<kw name="Capture Page Screenshot" owner="SeleniumLibrary">
<msg time="2026-01-01T18:30:20.379328" level="INFO" html="true">&lt;/td&gt;&lt;/tr&gt;&lt;tr&gt;&lt;td colspan="3"&gt;&lt;a href="Screenshot/register_withoutName_result.png"&gt;&lt;img src="Screenshot/register_withoutName_result.png" width="800px"&gt;&lt;/a&gt;</msg>
<arg>Screenshot/register_withoutName_result.png</arg>
<doc>Takes a screenshot of the current page and embeds it into a log file.</doc>
<status status="PASS" start="2026-01-01T18:30:20.263948" elapsed="0.115380"/>
</kw>
<kw name="Close Browser" owner="SeleniumLibrary">
<doc>Closes the current browser.</doc>
<status status="PASS" start="2026-01-01T18:30:20.380369" elapsed="2.299214"/>
</kw>
<status status="PASS" start="2026-01-01T18:30:19.095951" elapsed="3.584635"/>
</test>
<test id="s1-t3" name="Empty Email" line="44">
<kw name="Open Workshop Registration">
<kw name="Open Browser" owner="SeleniumLibrary">
<msg time="2026-01-01T18:30:22.682584" level="INFO">Opening browser 'chrome' to base url 'http://localhost:7272/Registration.html'.</msg>
<arg>${REGISTRATION URL}</arg>
<arg>${BROWSER}</arg>
<doc>Opens a new browser instance to the optional ``url``.</doc>
<status status="PASS" start="2026-01-01T18:30:22.682584" elapsed="2.621344"/>
</kw>
<status status="PASS" start="2026-01-01T18:30:22.682584" elapsed="2.622343"/>
</kw>
<kw name="Fill Registration">
<kw name="Input Text" owner="SeleniumLibrary">
<msg time="2026-01-01T18:30:25.313967" level="INFO">Typing text 'Somyod' into text field 'id=firstname'.</msg>
<arg>${INPUT_FIRSTNAME}</arg>
<arg>${fname}</arg>
<doc>Types the given ``text`` into the text field identified by ``locator``.</doc>
<status status="PASS" start="2026-01-01T18:30:25.313967" elapsed="0.266787"/>
</kw>
<kw name="Input Text" owner="SeleniumLibrary">
<msg time="2026-01-01T18:30:25.582174" level="INFO">Typing text 'Sodsai' into text field 'id=lastname'.</msg>
<arg>${INPUT_LASTNAME}</arg>
<arg>${lname}</arg>
<doc>Types the given ``text`` into the text field identified by ``locator``.</doc>
<status status="PASS" start="2026-01-01T18:30:25.580754" elapsed="0.173866"/>
</kw>
<kw name="Input Text" owner="SeleniumLibrary">
<msg time="2026-01-01T18:30:25.756130" level="INFO">Typing text 'CS KKU' into text field 'id=organization'.</msg>
<arg>${INPUT_ORGANIZATION}</arg>
<arg>${organization}</arg>
<doc>Types the given ``text`` into the text field identified by ``locator``.</doc>
<status status="PASS" start="2026-01-01T18:30:25.754620" elapsed="0.153493"/>
</kw>
<kw name="Input Text" owner="SeleniumLibrary">
<msg time="2026-01-01T18:30:25.909112" level="INFO">Typing text '' into text field 'id=email'.</msg>
<arg>${INPUT_EMAIL}</arg>
<arg>${email}</arg>
<doc>Types the given ``text`` into the text field identified by ``locator``.</doc>
<status status="PASS" start="2026-01-01T18:30:25.909112" elapsed="0.121835"/>
</kw>
<kw name="Input Text" owner="SeleniumLibrary">
<msg time="2026-01-01T18:30:26.031961" level="INFO">Typing text '091-001-1234' into text field 'id=phone'.</msg>
<arg>${INPUT_PHONE}</arg>
<arg>${phone}</arg>
<doc>Types the given ``text`` into the text field identified by ``locator``.</doc>
<status status="PASS" start="2026-01-01T18:30:26.030947" elapsed="0.178084"/>
</kw>
<arg>Somyod</arg>
<arg>Sodsai</arg>
<arg>CS KKU</arg>
<arg>${Empty}</arg>
<arg>091-001-1234</arg>
<status status="PASS" start="2026-01-01T18:30:25.309929" elapsed="0.899663"/>
</kw>
<kw name="Capture Page Screenshot" owner="SeleniumLibrary">
<msg time="2026-01-01T18:30:26.313724" level="INFO" html="true">&lt;/td&gt;&lt;/tr&gt;&lt;tr&gt;&lt;td colspan="3"&gt;&lt;a href="Screenshot/fill_registration.png"&gt;&lt;img src="Screenshot/fill_registration.png" width="800px"&gt;&lt;/a&gt;</msg>
<arg>Screenshot/fill_registration.png</arg>
<doc>Takes a screenshot of the current page and embeds it into a log file.</doc>
<status status="PASS" start="2026-01-01T18:30:26.209592" elapsed="0.104132"/>
</kw>
<kw name="Click Button" owner="SeleniumLibrary">
<msg time="2026-01-01T18:30:26.315725" level="INFO">Clicking button 'id=registerButton'.</msg>
<arg>${REG_BTN}</arg>
<doc>Clicks the button identified by ``locator``.</doc>
<status status="PASS" start="2026-01-01T18:30:26.314724" elapsed="0.148244"/>
</kw>
<kw name="Wait Until Location Contains" owner="SeleniumLibrary">
<arg>Registration.html</arg>
<doc>Waits until the current URL contains ``expected``.</doc>
<status status="PASS" start="2026-01-01T18:30:26.463979" elapsed="0.008520"/>
</kw>
<kw name="Wait Until Page Contains" owner="SeleniumLibrary">
<arg>Please enter your email!!</arg>
<doc>Waits until ``text`` appears on the current page.</doc>
<status status="PASS" start="2026-01-01T18:30:26.473508" elapsed="0.018727"/>
</kw>
<kw name="Capture Page Screenshot" owner="SeleniumLibrary">
<msg time="2026-01-01T18:30:26.602344" level="INFO" html="true">&lt;/td&gt;&lt;/tr&gt;&lt;tr&gt;&lt;td colspan="3"&gt;&lt;a href="Screenshot/register_withoutEmail_result.png"&gt;&lt;img src="Screenshot/register_withoutEmail_result.png" width="800px"&gt;&lt;/a&gt;</msg>
<arg>Screenshot/register_withoutEmail_result.png</arg>
<doc>Takes a screenshot of the current page and embeds it into a log file.</doc>
<status status="PASS" start="2026-01-01T18:30:26.492822" elapsed="0.110526"/>
</kw>
<kw name="Close Browser" owner="SeleniumLibrary">
<doc>Closes the current browser.</doc>
<status status="PASS" start="2026-01-01T18:30:26.603348" elapsed="2.282740"/>
</kw>
<status status="PASS" start="2026-01-01T18:30:22.681584" elapsed="6.205495"/>
</test>
<status status="PASS" start="2026-01-01T18:30:15.170840" elapsed="13.720175"/>
</suite>
<statistics>
<total>
<stat pass="3" fail="0" skip="0">All Tests</stat>
</total>
<tag>
</tag>
<suite>
<stat name="Uat002-3" id="s1" pass="3" fail="0" skip="0">Uat002-3</stat>
</suite>
</statistics>
<errors>
</errors>
</robot>
